Using pre-set license
Built from '6000.0/respin/6000.0.59f1-063c55f2fd0f' branch; Version is '6000.0.59f2 (ef281c76c3c1) revision 15673372'; Using compiler version '193933523'; Build Type 'Release'
OS: 'Windows 11  (10.0.26100) 64bit Core' Language: 'pt' Physical Memory: 16249 MB
BatchMode: 1, IsHumanControllingUs: 0, StartBugReporterOnCrash: 0, Is64bit: 1
Date: 2025-12-02T19:56:21Z

COMMAND LINE ARGUMENTS:
C:\Program Files\Unity\Hub\Editor\6000.0.59f2\Editor\Unity.exe
-adb2
-batchMode
-noUpm
-name
AssetImportWorker6
-projectPath
C:/Users/pedro/OneDrive/Documentos/Unreal Projects/individualota/2por1
-logFile
Logs/AssetImportWorker6.log
-srvPort
62330
-job-worker-count
5
-background-job-worker-count
8
-gc-helper-count
1
-name
AssetImport
Successfully changed project path to: C:/Users/pedro/OneDrive/Documentos/Unreal Projects/individualota/2por1
C:/Users/pedro/OneDrive/Documentos/Unreal Projects/individualota/2por1
[UnityMemory] Configuration Parameters - Can be set up in boot.config
    "memorysetup-bucket-allocator-granularity=16"
    "memorysetup-bucket-allocator-bucket-count=8"
    "memorysetup-bucket-allocator-block-size=33554432"
    "memorysetup-bucket-allocator-block-count=8"
    "memorysetup-main-allocator-block-size=16777216"
    "memorysetup-thread-allocator-block-size=16777216"
    "memorysetup-gfx-main-allocator-block-size=16777216"
    "memorysetup-gfx-thread-allocator-block-size=16777216"
    "memorysetup-cache-allocator-block-size=4194304"
    "memorysetup-typetree-allocator-block-size=2097152"
    "memorysetup-profiler-bucket-allocator-granularity=16"
    "memorysetup-profiler-bucket-allocator-bucket-count=8"
    "memorysetup-profiler-bucket-allocator-block-size=33554432"
    "memorysetup-profiler-bucket-allocator-block-count=8"
    "memorysetup-profiler-allocator-block-size=16777216"
    "memorysetup-profiler-editor-allocator-block-size=1048576"
    "memorysetup-temp-allocator-size-main=16777216"
    "memorysetup-job-temp-allocator-block-size=2097152"
    "memorysetup-job-temp-allocator-block-size-background=1048576"
    "memorysetup-job-temp-allocator-reduction-small-platforms=262144"
    "memorysetup-allocator-temp-initial-block-size-main=262144"
    "memorysetup-allocator-temp-initial-block-size-worker=262144"
    "memorysetup-temp-allocator-size-background-worker=32768"
    "memorysetup-temp-allocator-size-job-worker=262144"
    "memorysetup-temp-allocator-size-preload-manager=33554432"
    "memorysetup-temp-allocator-size-nav-mesh-worker=65536"
    "memorysetup-temp-allocator-size-audio-worker=65536"
    "memorysetup-temp-allocator-size-cloud-worker=32768"
    "memorysetup-temp-allocator-size-gi-baking-worker=262144"
    "memorysetup-temp-allocator-size-gi-baking-worker=262144"
    "memorysetup-temp-allocator-size-gi-baking-worker=262144"
    "memorysetup-temp-allocator-size-gi-baking-worker=262144"
    "memorysetup-temp-allocator-size-gi-baking-worker=262144"
    "memorysetup-temp-allocator-size-gfx=262144"
Player connection [13016]  Target information:

Player connection [13016]  * "[IP] 192.168.1.4 [Port] 0 [Flags] 2 [Guid] 2122156996 [EditorId] 2122156996 [Version] 1048832 [Id] WindowsEditor(7,otaviopc) [Debug] 1 [PackageName] WindowsEditor [ProjectName] Editor" 

Player connection [13016] Host joined multi-casting on [225.0.0.222:54997]...
Player connection [13016] Host joined alternative multi-casting on [225.0.0.222:34997]...
JobSystem: Creating JobQueue using job-worker-count value 5
Input System module state changed to: Initialized.
[Physics::Module] Initialized fallback backend.
[Physics::Module] Id: 0xdecafbad
Library Redirect Path: Library/
[Physics::Module] Selected backend.
[Physics::Module] Name: PhysX
[Physics::Module] Id: 0xf2b8ea05
[Physics::Module] SDK Version: 4.1.2
[Physics::Module] Integration Version: 1.0.0
[Physics::Module] Threading Mode: Multi-Threaded
Refreshing native plugins compatible for Editor in 6.65 ms, found 4 plugins.
Preloading 0 native plugins for Editor in 0.00 ms.
Initialize engine version: 6000.0.59f2 (ef281c76c3c1)
[Subsystems] Discovering subsystems at path C:/Program Files/Unity/Hub/Editor/6000.0.59f2/Editor/Data/Resources/UnitySubsystems
[Subsystems] Discovering subsystems at path C:/Users/pedro/OneDrive/Documentos/Unreal Projects/individualota/2por1/Assets
GfxDevice: creating device client; kGfxThreadingModeNonThreaded
Direct3D:
    Version:  Direct3D 11.0 [level 11.1]
    Renderer: NVIDIA GeForce GTX 1660 SUPER (ID=0x21c4)
    Vendor:   NVIDIA
    VRAM:     5966 MB
    Driver:   32.0.15.8115
Initialize mono
Mono path[0] = 'C:/Program Files/Unity/Hub/Editor/6000.0.59f2/Editor/Data/Managed'
Mono path[1] = 'C:/Program Files/Unity/Hub/Editor/6000.0.59f2/Editor/Data/MonoBleedingEdge/lib/mono/unityjit-win32'
Mono config path = 'C:/Program Files/Unity/Hub/Editor/6000.0.59f2/Editor/Data/MonoBleedingEdge/etc'
Using monoOptions --debugger-agent=transport=dt_socket,embedding=1,server=y,suspend=n,address=127.0.0.1:56400
Begin MonoManager ReloadAssembly
Registering precompiled unity dll's ...
Register platform support module: C:/Program Files/Unity/Hub/Editor/6000.0.59f2/Editor/Data/PlaybackEngines/WebGLSupport/UnityEditor.WebGL.Extensions.dll
Register platform support module: C:/Program Files/Unity/Hub/Editor/6000.0.59f2/Editor/Data/PlaybackEngines/WindowsStandaloneSupport/UnityEditor.WindowsStandalone.Extensions.dll
Register platform support module: C:/Program Files/Unity/Hub/Editor/6000.0.59f2/Editor/Data/PlaybackEngines/MetroSupport/UnityEditor.UWP.Extensions.dll
Register platform support module: C:/Program Files/Unity/Hub/Editor/6000.0.59f2/Editor/Data/PlaybackEngines/AndroidPlayer/UnityEditor.Android.Extensions.dll
Registered in 0.007947 seconds.
- Loaded All Assemblies, in  0.551 seconds
Native extension for Android target not found
Android Extension - Scanning For ADB Devices 308 ms
Native extension for UWP target not found
Native extension for WindowsStandalone target not found
Native extension for WebGL target not found
Mono: successfully reloaded assembly
- Finished resetting the current domain, in  0.846 seconds
Domain Reload Profiling: 1393ms
	BeginReloadAssembly (166ms)
		ExecutionOrderSort (0ms)
		DisableScriptedObjects (0ms)
		BackupInstance (0ms)
		ReleaseScriptingObjects (0ms)
		CreateAndSetChildDomain (2ms)
	RebuildCommonClasses (50ms)
	RebuildNativeTypeToScriptingClass (13ms)
	initialDomainReloadingComplete (76ms)
	LoadAllAssembliesAndSetupDomain (243ms)
		LoadAssemblies (164ms)
		RebuildTransferFunctionScriptingTraits (0ms)
		AnalyzeDomain (235ms)
			TypeCache.Refresh (233ms)
				TypeCache.ScanAssembly (216ms)
			BuildScriptInfoCaches (0ms)
			ResolveRequiredComponents (1ms)
	FinalizeReload (846ms)
		ReleaseScriptCaches (0ms)
		RebuildScriptCaches (0ms)
		SetupLoadedEditorAssemblies (770ms)
			LogAssemblyErrors (0ms)
			InitializePlatformSupportModulesInManaged (433ms)
			SetLoadedEditorAssemblies (10ms)
			BeforeProcessingInitializeOnLoad (81ms)
			ProcessInitializeOnLoadAttributes (161ms)
			ProcessInitializeOnLoadMethodAttributes (86ms)
			AfterProcessingInitializeOnLoad (0ms)
			EditorAssembliesLoaded (0ms)
		ExecutionOrderSort2 (0ms)
		AwakeInstancesAfterBackupRestoration (0ms)
========================================================================
Worker process is ready to serve import requests
Import Worker Mode flag is 0x00
Begin MonoManager ReloadAssembly
Launched and connected shader compiler UnityShaderCompiler.exe after 0.01 seconds
Duplicate assembly 'log4net.dll' with different versions detected, using 'Packages/com.unity.package-validation-suite/Lib/Editor/log4net.dll, AssemblyName=log4net, Version=2.0.8.0, Culture=neutral, PublicKeyToken=669e0ddf0bb1aa2a' and ignoring 'Packages/com.unity.collab-proxy/Lib/Editor/log4netPlastic.dll, AssemblyName=log4net, Version=1.2.15.0, Culture=neutral, PublicKeyToken=669e0ddf0bb1aa2a'.- Loaded All Assemblies, in  1.881 seconds
'Assets/Photon/Fusion/Runtime/Fusion.Unity.cs' contains partial class of Unity.Object, exactly 1 of the partial classes needs to be in a file with the same filename. This is to know the one that can be referenced from ie. GameObjects
'Assets/Photon/Fusion/Runtime/Fusion.Unity.cs' contains partial class of Unity.Object, exactly 1 of the partial classes needs to be in a file with the same filename. This is to know the one that can be referenced from ie. GameObjects
Refreshing native plugins compatible for Editor in 8.47 ms, found 4 plugins.
Native extension for Android target not found
Native extension for UWP target not found
Native extension for WindowsStandalone target not found
Native extension for WebGL target not found
Package Manager log level set to [2]
[Package Manager] Failed to launch server process. Reason: Unity was launched with the -noUpm command-line argument
[Package Manager] Unable to send message (not connected to server process).
[Package Manager] Cannot connect to Unity Package Manager local server
[ScriptCompilation] NOT recompiling all scripts because this is an import worker process. Reason to compile was: Define symbols changed
[MODES] ModeService[none].Initialize
[MODES] ModeService[none].LoadModes
[MODES] Loading mode Default (0) for mode-current-id-2por1
Mono: successfully reloaded assembly
- Finished resetting the current domain, in  1.394 seconds
Domain Reload Profiling: 3266ms
	BeginReloadAssembly (772ms)
		ExecutionOrderSort (0ms)
		DisableScriptedObjects (465ms)
		BackupInstance (0ms)
		ReleaseScriptingObjects (0ms)
		CreateAndSetChildDomain (63ms)
	RebuildCommonClasses (49ms)
	RebuildNativeTypeToScriptingClass (13ms)
	initialDomainReloadingComplete (70ms)
	LoadAllAssembliesAndSetupDomain (967ms)
		LoadAssemblies (678ms)
		RebuildTransferFunctionScriptingTraits (0ms)
		AnalyzeDomain (448ms)
			TypeCache.Refresh (330ms)
				TypeCache.ScanAssembly (305ms)
			BuildScriptInfoCaches (92ms)
			ResolveRequiredComponents (19ms)
	FinalizeReload (1395ms)
		ReleaseScriptCaches (0ms)
		RebuildScriptCaches (0ms)
		SetupLoadedEditorAssemblies (1148ms)
			LogAssemblyErrors (0ms)
			InitializePlatformSupportModulesInManaged (21ms)
			SetLoadedEditorAssemblies (6ms)
			BeforeProcessingInitializeOnLoad (204ms)
			ProcessInitializeOnLoadAttributes (752ms)
			ProcessInitializeOnLoadMethodAttributes (150ms)
			AfterProcessingInitializeOnLoad (16ms)
			EditorAssembliesLoaded (0ms)
		ExecutionOrderSort2 (0ms)
		AwakeInstancesAfterBackupRestoration (23ms)
WARNING: Shader Unsupported: 'Hidden/Universal Render Pipeline/Terrain/Lit (Base Pass)' - All subshaders removed
WARNING: Shader Did you use #pragma only_renderers and omit this platform?
WARNING: Shader If subshaders removal was intentional, you may have forgotten turning Fallback off?
WARNING: Shader Unsupported: 'Hidden/Universal Render Pipeline/Terrain/Lit (Base Pass)' - All subshaders removed
WARNING: Shader Did you use #pragma only_renderers and omit this platform?
WARNING: Shader If subshaders removal was intentional, you may have forgotten turning Fallback off?
WARNING: Shader Unsupported: 'Universal Render Pipeline/Terrain/Lit' - All subshaders removed
WARNING: Shader Did you use #pragma only_renderers and omit this platform?
WARNING: Shader If subshaders removal was intentional, you may have forgotten turning Fallback off?
WARNING: Shader Unsupported: 'Universal Render Pipeline/Terrain/Lit' - All subshaders removed
WARNING: Shader Did you use #pragma only_renderers and omit this platform?
WARNING: Shader If subshaders removal was intentional, you may have forgotten turning Fallback off?
Refreshing native plugins compatible for Editor in 4.55 ms, found 4 plugins.
Preloading 0 native plugins for Editor in 0.00 ms.
Unloading 47 Unused Serialized files (Serialized files now loaded: 0)
Unloading 7017 unused Assets / (8.9 MB). Loaded Objects now: 7642.
Memory consumption went from 147.8 MB to 138.9 MB.
Total: 10.839200 ms (FindLiveObjects: 0.766100 ms CreateObjectMapping: 0.375500 ms MarkObjects: 5.566800 ms  DeleteObjects: 4.129600 ms)

========================================================================
Received Import Request.
  Time since last request: 29806.178172 seconds.
  path: Assets/Guddies/Low Poly City Objects Pack/Models/Bin Blue.prefab
  artifactKey: Guid(daeb185012d04254bb39508851961e79) Importer(815301076,1909f56bfc062723c751e8b465ee728b)
Start importing Assets/Guddies/Low Poly City Objects Pack/Models/Bin Blue.prefab using Guid(daeb185012d04254bb39508851961e79) Importer(815301076,1909f56bfc062723c751e8b465ee728b) (PreviewImporter) -> (artifact id: '760469e6297b87cb3f5dc796501c2ca7') in 0.1833237 seconds
Number of updated asset objects reloaded before import = 0Number of asset objects unloaded after import = 9

========================================================================
Received Import Request.
  Time since last request: 0.000033 seconds.
  path: Assets/Guddies/Low Poly City Objects Pack/Models/Bin Urban.prefab
  artifactKey: Guid(54ba78a3c711b15489a9ae85596aa843) Importer(815301076,1909f56bfc062723c751e8b465ee728b)
Start importing Assets/Guddies/Low Poly City Objects Pack/Models/Bin Urban.prefab using Guid(54ba78a3c711b15489a9ae85596aa843) Importer(815301076,1909f56bfc062723c751e8b465ee728b) (PreviewImporter) -> (artifact id: 'aa8651e19f5106519fa5e17ebacf08f1') in 0.0259841 seconds
Number of updated asset objects reloaded before import = 0Number of asset objects unloaded after import = 9

========================================================================
Received Import Request.
  Time since last request: 0.000030 seconds.
  path: Assets/Guddies/Low Poly City Objects Pack/Models/Cardboard Box A.prefab
  artifactKey: Guid(75151b14dbed6f34ba2e1c77ec1dafe1) Importer(815301076,1909f56bfc062723c751e8b465ee728b)
Start importing Assets/Guddies/Low Poly City Objects Pack/Models/Cardboard Box A.prefab using Guid(75151b14dbed6f34ba2e1c77ec1dafe1) Importer(815301076,1909f56bfc062723c751e8b465ee728b) (PreviewImporter) -> (artifact id: '4553d5b1b306ae37303041ba7db924b4') in 0.0282487 seconds
Number of updated asset objects reloaded before import = 0Number of asset objects unloaded after import = 9

========================================================================
Received Import Request.
  Time since last request: 0.000020 seconds.
  path: Assets/Guddies/Low Poly City Objects Pack/Models/Phone Box.prefab
  artifactKey: Guid(285fcd6cbab3b7b448d22c711dc185e8) Importer(815301076,1909f56bfc062723c751e8b465ee728b)
Start importing Assets/Guddies/Low Poly City Objects Pack/Models/Phone Box.prefab using Guid(285fcd6cbab3b7b448d22c711dc185e8) Importer(815301076,1909f56bfc062723c751e8b465ee728b) (PreviewImporter) -> (artifact id: '1d0e291ed459defd7b0dab8976fb7f86') in 0.0285621 seconds
Number of updated asset objects reloaded before import = 0Number of asset objects unloaded after import = 9

========================================================================
Received Import Request.
  Time since last request: 0.000022 seconds.
  path: Assets/Guddies/Low Poly City Objects Pack/Models/Road Sign Small L.prefab
  artifactKey: Guid(913e8d902f04df54ca574078402ef6b1) Importer(815301076,1909f56bfc062723c751e8b465ee728b)
Start importing Assets/Guddies/Low Poly City Objects Pack/Models/Road Sign Small L.prefab using Guid(913e8d902f04df54ca574078402ef6b1) Importer(815301076,1909f56bfc062723c751e8b465ee728b) (PreviewImporter) -> (artifact id: 'e80884f7fa8c28dd3200603c5675e08f') in 0.0298919 seconds
Number of updated asset objects reloaded before import = 0Number of asset objects unloaded after import = 9

========================================================================
Received Import Request.
  Time since last request: 0.000018 seconds.
  path: Assets/Guddies/Low Poly City Objects Pack/Models/Light Streetlight.prefab
  artifactKey: Guid(b4c6337bc3f98b449bab8cdc9fbca812) Importer(815301076,1909f56bfc062723c751e8b465ee728b)
Start importing Assets/Guddies/Low Poly City Objects Pack/Models/Light Streetlight.prefab using Guid(b4c6337bc3f98b449bab8cdc9fbca812) Importer(815301076,1909f56bfc062723c751e8b465ee728b) (PreviewImporter) -> (artifact id: '888b4a1cac1db87f0e40256fb8505d98') in 0.0265121 seconds
Number of updated asset objects reloaded before import = 0Number of asset objects unloaded after import = 9

========================================================================
Received Import Request.
  Time since last request: 0.000736 seconds.
  path: Assets/Guddies/Low Poly City Objects Pack/Models/Bin Recyling A.prefab
  artifactKey: Guid(4d4015cfdc5e727479bba317760a906f) Importer(815301076,1909f56bfc062723c751e8b465ee728b)
Start importing Assets/Guddies/Low Poly City Objects Pack/Models/Bin Recyling A.prefab using Guid(4d4015cfdc5e727479bba317760a906f) Importer(815301076,1909f56bfc062723c751e8b465ee728b) (PreviewImporter) -> (artifact id: 'ef8b805eaad5b03707ee56ed99c74d53') in 0.0291263 seconds
Number of updated asset objects reloaded before import = 0Number of asset objects unloaded after import = 14

========================================================================
Received Import Request.
  Time since last request: 0.000022 seconds.
  path: Assets/Guddies/Low Poly City Objects Pack/Models/Bin Rural.prefab
  artifactKey: Guid(427e0e50c94fc234c99c28ef6b5e485e) Importer(815301076,1909f56bfc062723c751e8b465ee728b)
Start importing Assets/Guddies/Low Poly City Objects Pack/Models/Bin Rural.prefab using Guid(427e0e50c94fc234c99c28ef6b5e485e) Importer(815301076,1909f56bfc062723c751e8b465ee728b) (PreviewImporter) -> (artifact id: 'acea3fabfa76d70b25203eae2cda93d4') in 0.0272431 seconds
Number of updated asset objects reloaded before import = 0Number of asset objects unloaded after import = 9

========================================================================
Received Import Request.
  Time since last request: 0.000031 seconds.
  path: Assets/Guddies/Low Poly City Objects Pack/Models/Bin Recyling Compost.prefab
  artifactKey: Guid(7c9b2e6710242e94187177bcf822139c) Importer(815301076,1909f56bfc062723c751e8b465ee728b)
Start importing Assets/Guddies/Low Poly City Objects Pack/Models/Bin Recyling Compost.prefab using Guid(7c9b2e6710242e94187177bcf822139c) Importer(815301076,1909f56bfc062723c751e8b465ee728b) (PreviewImporter) -> (artifact id: '9ffa13f7dece2764246d7d08ed6705c9') in 0.0293084 seconds
Number of updated asset objects reloaded before import = 0Number of asset objects unloaded after import = 19

========================================================================
Received Import Request.
  Time since last request: 0.000029 seconds.
  path: Assets/Guddies/Low Poly City Objects Pack/Models/Light Motorway.prefab
  artifactKey: Guid(e78b3fd4625abcd45952d0b46bd0ccfa) Importer(815301076,1909f56bfc062723c751e8b465ee728b)
Start importing Assets/Guddies/Low Poly City Objects Pack/Models/Light Motorway.prefab using Guid(e78b3fd4625abcd45952d0b46bd0ccfa) Importer(815301076,1909f56bfc062723c751e8b465ee728b) (PreviewImporter) -> (artifact id: 'd57c9e74d2994befff4b37c2071b18be') in 0.0387093 seconds
Number of updated asset objects reloaded before import = 0Number of asset objects unloaded after import = 9

========================================================================
Received Import Request.
  Time since last request: 0.000025 seconds.
  path: Assets/Guddies/Low Poly City Objects Pack/Models/Cone Large.prefab
  artifactKey: Guid(2ac09d6c9f3fcd148934aa35cd4f812f) Importer(815301076,1909f56bfc062723c751e8b465ee728b)
Start importing Assets/Guddies/Low Poly City Objects Pack/Models/Cone Large.prefab using Guid(2ac09d6c9f3fcd148934aa35cd4f812f) Importer(815301076,1909f56bfc062723c751e8b465ee728b) (PreviewImporter) -> (artifact id: 'e72d765fc7189e5cbc6e2c4568d58ae2') in 0.0280689 seconds
Number of updated asset objects reloaded before import = 0Number of asset objects unloaded after import = 9

========================================================================
Received Import Request.
  Time since last request: 0.000032 seconds.
  path: Assets/Guddies/Low Poly City Objects Pack/Models/Cable box D.prefab
  artifactKey: Guid(126a2bc4d3264374692f884d3a364333) Importer(815301076,1909f56bfc062723c751e8b465ee728b)
Start importing Assets/Guddies/Low Poly City Objects Pack/Models/Cable box D.prefab using Guid(126a2bc4d3264374692f884d3a364333) Importer(815301076,1909f56bfc062723c751e8b465ee728b) (PreviewImporter) -> (artifact id: '50af9f5ad4f06e5c8214fcda6cbbf82c') in 0.0262576 seconds
Number of updated asset objects reloaded before import = 0Number of asset objects unloaded after import = 9

========================================================================
Received Import Request.
  Time since last request: 0.000020 seconds.
  path: Assets/Guddies/Low Poly City Objects Pack/Models/Road Sign Med.prefab
  artifactKey: Guid(1b2e2f4e7b3c6414c97822fa5508b72c) Importer(815301076,1909f56bfc062723c751e8b465ee728b)
Start importing Assets/Guddies/Low Poly City Objects Pack/Models/Road Sign Med.prefab using Guid(1b2e2f4e7b3c6414c97822fa5508b72c) Importer(815301076,1909f56bfc062723c751e8b465ee728b) (PreviewImporter) -> (artifact id: 'b92a192c800c3981e5dbf6d99f763d9b') in 0.0292855 seconds
Number of updated asset objects reloaded before import = 0Number of asset objects unloaded after import = 9

========================================================================
Received Import Request.
  Time since last request: 0.000019 seconds.
  path: Assets/Guddies/Low Poly City Objects Pack/Models/Post Box.prefab
  artifactKey: Guid(8ec83fcf6029eff4b8daafa49cb916aa) Importer(815301076,1909f56bfc062723c751e8b465ee728b)
Start importing Assets/Guddies/Low Poly City Objects Pack/Models/Post Box.prefab using Guid(8ec83fcf6029eff4b8daafa49cb916aa) Importer(815301076,1909f56bfc062723c751e8b465ee728b) (PreviewImporter) -> (artifact id: 'a66916f30747005973b3d73e1f1098a8') in 0.0260587 seconds
Number of updated asset objects reloaded before import = 0Number of asset objects unloaded after import = 9

========================================================================
Received Import Request.
  Time since last request: 0.000020 seconds.
  path: Assets/Guddies/Low Poly City Objects Pack/Models/Road Sign Double Sided L.prefab
  artifactKey: Guid(59e22f8b3c81e3045bca8ab3c8f8acbe) Importer(815301076,1909f56bfc062723c751e8b465ee728b)
Start importing Assets/Guddies/Low Poly City Objects Pack/Models/Road Sign Double Sided L.prefab using Guid(59e22f8b3c81e3045bca8ab3c8f8acbe) Importer(815301076,1909f56bfc062723c751e8b465ee728b) (PreviewImporter) -> (artifact id: '66b41a69b8017287271d6d8ebfc20e02') in 0.0310344 seconds
Number of updated asset objects reloaded before import = 0Number of asset objects unloaded after import = 9

========================================================================
Received Import Request.
  Time since last request: 0.000041 seconds.
  path: Assets/Guddies/Low Poly City Objects Pack/Models/Bollard C.prefab
  artifactKey: Guid(a105a85e3dff89b4c97c7af739737474) Importer(815301076,1909f56bfc062723c751e8b465ee728b)
Start importing Assets/Guddies/Low Poly City Objects Pack/Models/Bollard C.prefab using Guid(a105a85e3dff89b4c97c7af739737474) Importer(815301076,1909f56bfc062723c751e8b465ee728b) (PreviewImporter) -> (artifact id: '11854a6d4964869b0730132b7f853315') in 0.0226768 seconds
Number of updated asset objects reloaded before import = 0Number of asset objects unloaded after import = 9

========================================================================
Received Import Request.
  Time since last request: 0.000036 seconds.
  path: Assets/Guddies/Low Poly City Objects Pack/Models/Bollard B 2.prefab
  artifactKey: Guid(403fbf2b07aea0c4191dcdb9e5518fb4) Importer(815301076,1909f56bfc062723c751e8b465ee728b)
Start importing Assets/Guddies/Low Poly City Objects Pack/Models/Bollard B 2.prefab using Guid(403fbf2b07aea0c4191dcdb9e5518fb4) Importer(815301076,1909f56bfc062723c751e8b465ee728b) (PreviewImporter) -> (artifact id: '1706e9f7c2beaa8c092fd8c7989054a3') in 0.0253939 seconds
Number of updated asset objects reloaded before import = 0Number of asset objects unloaded after import = 9

========================================================================
Received Import Request.
  Time since last request: 0.000027 seconds.
  path: Assets/Guddies/Low Poly City Objects Pack/Models/Bus Stop.prefab
  artifactKey: Guid(7c3571e658cfdb54ca2bb52cbdc7bcd3) Importer(815301076,1909f56bfc062723c751e8b465ee728b)
Start importing Assets/Guddies/Low Poly City Objects Pack/Models/Bus Stop.prefab using Guid(7c3571e658cfdb54ca2bb52cbdc7bcd3) Importer(815301076,1909f56bfc062723c751e8b465ee728b) (PreviewImporter) -> (artifact id: '30b7eb3304c0b8bbc027d57ceb273a89') in 0.0274981 seconds
Number of updated asset objects reloaded before import = 0Number of asset objects unloaded after import = 9

========================================================================
Received Import Request.
  Time since last request: 0.000023 seconds.
  path: Assets/Guddies/Low Poly City Objects Pack/Models/MotorwayDivider Mid.prefab
  artifactKey: Guid(9a6f055027fb3e440a9c7dde5153ff3f) Importer(815301076,1909f56bfc062723c751e8b465ee728b)
Start importing Assets/Guddies/Low Poly City Objects Pack/Models/MotorwayDivider Mid.prefab using Guid(9a6f055027fb3e440a9c7dde5153ff3f) Importer(815301076,1909f56bfc062723c751e8b465ee728b) (PreviewImporter) -> (artifact id: '00c1c7d86edc8a8c997e96ee082da56c') in 0.0320796 seconds
Number of updated asset objects reloaded before import = 0Number of asset objects unloaded after import = 9

========================================================================
Received Import Request.
  Time since last request: 0.564944 seconds.
  path: Assets/Guddies/Low Poly City Objects Pack/Models/Trash Can B.prefab
  artifactKey: Guid(6f042db7dbb1f4a48b2b3b5afb81e32a) Importer(815301076,1909f56bfc062723c751e8b465ee728b)
Start importing Assets/Guddies/Low Poly City Objects Pack/Models/Trash Can B.prefab using Guid(6f042db7dbb1f4a48b2b3b5afb81e32a) Importer(815301076,1909f56bfc062723c751e8b465ee728b) (PreviewImporter) -> (artifact id: 'e93343bd08fac533bea526b5ddf3a7d6') in 0.0286289 seconds
Number of updated asset objects reloaded before import = 0Number of asset objects unloaded after import = 14

========================================================================
Received Import Request.
  Time since last request: 0.000017 seconds.
  path: Assets/Guddies/Low Poly City Objects Pack/Models/Wooden Pallet B.prefab
  artifactKey: Guid(08f9c16cf106cb444bc2731df7ef6df8) Importer(815301076,1909f56bfc062723c751e8b465ee728b)
Start importing Assets/Guddies/Low Poly City Objects Pack/Models/Wooden Pallet B.prefab using Guid(08f9c16cf106cb444bc2731df7ef6df8) Importer(815301076,1909f56bfc062723c751e8b465ee728b) (PreviewImporter) -> (artifact id: 'e71894c89baa1982bd398dd5c58b8c93') in 0.0230593 seconds
Number of updated asset objects reloaded before import = 0Number of asset objects unloaded after import = 9

========================================================================
Received Import Request.
  Time since last request: 0.000016 seconds.
  path: Assets/Guddies/Low Poly City Objects Pack/Models/Trashbag A.prefab
  artifactKey: Guid(0eea27ceb84fd354eaced898db00f676) Importer(815301076,1909f56bfc062723c751e8b465ee728b)
Start importing Assets/Guddies/Low Poly City Objects Pack/Models/Trashbag A.prefab using Guid(0eea27ceb84fd354eaced898db00f676) Importer(815301076,1909f56bfc062723c751e8b465ee728b) (PreviewImporter) -> (artifact id: '9b692cb5f6d54f5e3b540e1b9cb4d090') in 0.0243376 seconds
Number of updated asset objects reloaded before import = 0Number of asset objects unloaded after import = 9

Editor requested this worker to shutdown with reason: Scaling down because of idle timeout
AssetImportWorker is now disconnected from the server
Process exiting
Exiting without the bug reporter. Application will terminate with return code 0