Using pre-set license
Built from '6000.0/respin/6000.0.59f1-063c55f2fd0f' branch; Version is '6000.0.59f2 (ef281c76c3c1) revision 15673372'; Using compiler version '193933523'; Build Type 'Release'
OS: 'Windows 11  (10.0.26100) 64bit Core' Language: 'pt' Physical Memory: 16249 MB
BatchMode: 1, IsHumanControllingUs: 0, StartBugReporterOnCrash: 0, Is64bit: 1
Date: 2025-12-02T20:01:09Z

COMMAND LINE ARGUMENTS:
C:\Program Files\Unity\Hub\Editor\6000.0.59f2\Editor\Unity.exe
-adb2
-batchMode
-noUpm
-name
AssetImportWorker7
-projectPath
C:/Users/pedro/OneDrive/Documentos/Unreal Projects/individualota/2por1
-logFile
Logs/AssetImportWorker7.log
-srvPort
62330
-job-worker-count
5
-background-job-worker-count
8
-gc-helper-count
1
-name
AssetImport
Successfully changed project path to: C:/Users/pedro/OneDrive/Documentos/Unreal Projects/individualota/2por1
C:/Users/pedro/OneDrive/Documentos/Unreal Projects/individualota/2por1
[UnityMemory] Configuration Parameters - Can be set up in boot.config
    "memorysetup-bucket-allocator-granularity=16"
    "memorysetup-bucket-allocator-bucket-count=8"
    "memorysetup-bucket-allocator-block-size=33554432"
    "memorysetup-bucket-allocator-block-count=8"
    "memorysetup-main-allocator-block-size=16777216"
    "memorysetup-thread-allocator-block-size=16777216"
    "memorysetup-gfx-main-allocator-block-size=16777216"
    "memorysetup-gfx-thread-allocator-block-size=16777216"
    "memorysetup-cache-allocator-block-size=4194304"
    "memorysetup-typetree-allocator-block-size=2097152"
    "memorysetup-profiler-bucket-allocator-granularity=16"
    "memorysetup-profiler-bucket-allocator-bucket-count=8"
    "memorysetup-profiler-bucket-allocator-block-size=33554432"
    "memorysetup-profiler-bucket-allocator-block-count=8"
    "memorysetup-profiler-allocator-block-size=16777216"
    "memorysetup-profiler-editor-allocator-block-size=1048576"
    "memorysetup-temp-allocator-size-main=16777216"
    "memorysetup-job-temp-allocator-block-size=2097152"
    "memorysetup-job-temp-allocator-block-size-background=1048576"
    "memorysetup-job-temp-allocator-reduction-small-platforms=262144"
    "memorysetup-allocator-temp-initial-block-size-main=262144"
    "memorysetup-allocator-temp-initial-block-size-worker=262144"
    "memorysetup-temp-allocator-size-background-worker=32768"
    "memorysetup-temp-allocator-size-job-worker=262144"
    "memorysetup-temp-allocator-size-preload-manager=33554432"
    "memorysetup-temp-allocator-size-nav-mesh-worker=65536"
    "memorysetup-temp-allocator-size-audio-worker=65536"
    "memorysetup-temp-allocator-size-cloud-worker=32768"
    "memorysetup-temp-allocator-size-gi-baking-worker=262144"
    "memorysetup-temp-allocator-size-gi-baking-worker=262144"
    "memorysetup-temp-allocator-size-gi-baking-worker=262144"
    "memorysetup-temp-allocator-size-gi-baking-worker=262144"
    "memorysetup-temp-allocator-size-gi-baking-worker=262144"
    "memorysetup-temp-allocator-size-gfx=262144"
Player connection [25480]  Target information:

Player connection [25480]  * "[IP] 192.168.1.4 [Port] 0 [Flags] 2 [Guid] 784799707 [EditorId] 784799707 [Version] 1048832 [Id] WindowsEditor(7,otaviopc) [Debug] 1 [PackageName] WindowsEditor [ProjectName] Editor" 

Player connection [25480] Host joined multi-casting on [225.0.0.222:54997]...
Player connection [25480] Host joined alternative multi-casting on [225.0.0.222:34997]...
JobSystem: Creating JobQueue using job-worker-count value 5
Input System module state changed to: Initialized.
[Physics::Module] Initialized fallback backend.
[Physics::Module] Id: 0xdecafbad
Library Redirect Path: Library/
[Physics::Module] Selected backend.
[Physics::Module] Name: PhysX
[Physics::Module] Id: 0xf2b8ea05
[Physics::Module] SDK Version: 4.1.2
[Physics::Module] Integration Version: 1.0.0
[Physics::Module] Threading Mode: Multi-Threaded
Refreshing native plugins compatible for Editor in 9.35 ms, found 4 plugins.
Preloading 0 native plugins for Editor in 0.00 ms.
Initialize engine version: 6000.0.59f2 (ef281c76c3c1)
[Subsystems] Discovering subsystems at path C:/Program Files/Unity/Hub/Editor/6000.0.59f2/Editor/Data/Resources/UnitySubsystems
[Subsystems] Discovering subsystems at path C:/Users/pedro/OneDrive/Documentos/Unreal Projects/individualota/2por1/Assets
GfxDevice: creating device client; kGfxThreadingModeNonThreaded
Direct3D:
    Version:  Direct3D 11.0 [level 11.1]
    Renderer: NVIDIA GeForce GTX 1660 SUPER (ID=0x21c4)
    Vendor:   NVIDIA
    VRAM:     5966 MB
    Driver:   32.0.15.8115
Initialize mono
Mono path[0] = 'C:/Program Files/Unity/Hub/Editor/6000.0.59f2/Editor/Data/Managed'
Mono path[1] = 'C:/Program Files/Unity/Hub/Editor/6000.0.59f2/Editor/Data/MonoBleedingEdge/lib/mono/unityjit-win32'
Mono config path = 'C:/Program Files/Unity/Hub/Editor/6000.0.59f2/Editor/Data/MonoBleedingEdge/etc'
Using monoOptions --debugger-agent=transport=dt_socket,embedding=1,server=y,suspend=n,address=127.0.0.1:56476
Begin MonoManager ReloadAssembly
Registering precompiled unity dll's ...
Register platform support module: C:/Program Files/Unity/Hub/Editor/6000.0.59f2/Editor/Data/PlaybackEngines/WebGLSupport/UnityEditor.WebGL.Extensions.dll
Register platform support module: C:/Program Files/Unity/Hub/Editor/6000.0.59f2/Editor/Data/PlaybackEngines/WindowsStandaloneSupport/UnityEditor.WindowsStandalone.Extensions.dll
Register platform support module: C:/Program Files/Unity/Hub/Editor/6000.0.59f2/Editor/Data/PlaybackEngines/MetroSupport/UnityEditor.UWP.Extensions.dll
Register platform support module: C:/Program Files/Unity/Hub/Editor/6000.0.59f2/Editor/Data/PlaybackEngines/AndroidPlayer/UnityEditor.Android.Extensions.dll
Registered in 0.008927 seconds.
- Loaded All Assemblies, in  0.487 seconds
Native extension for Android target not found
Android Extension - Scanning For ADB Devices 292 ms
Native extension for UWP target not found
Native extension for WindowsStandalone target not found
Native extension for WebGL target not found
Mono: successfully reloaded assembly
- Finished resetting the current domain, in  0.721 seconds
Domain Reload Profiling: 1204ms
	BeginReloadAssembly (175ms)
		ExecutionOrderSort (0ms)
		DisableScriptedObjects (0ms)
		BackupInstance (0ms)
		ReleaseScriptingObjects (0ms)
		CreateAndSetChildDomain (1ms)
	RebuildCommonClasses (42ms)
	RebuildNativeTypeToScriptingClass (12ms)
	initialDomainReloadingComplete (64ms)
	LoadAllAssembliesAndSetupDomain (188ms)
		LoadAssemblies (171ms)
		RebuildTransferFunctionScriptingTraits (0ms)
		AnalyzeDomain (183ms)
			TypeCache.Refresh (182ms)
				TypeCache.ScanAssembly (167ms)
			BuildScriptInfoCaches (0ms)
			ResolveRequiredComponents (0ms)
	FinalizeReload (722ms)
		ReleaseScriptCaches (0ms)
		RebuildScriptCaches (0ms)
		SetupLoadedEditorAssemblies (664ms)
			LogAssemblyErrors (0ms)
			InitializePlatformSupportModulesInManaged (392ms)
			SetLoadedEditorAssemblies (5ms)
			BeforeProcessingInitializeOnLoad (65ms)
			ProcessInitializeOnLoadAttributes (135ms)
			ProcessInitializeOnLoadMethodAttributes (67ms)
			AfterProcessingInitializeOnLoad (0ms)
			EditorAssembliesLoaded (0ms)
		ExecutionOrderSort2 (0ms)
		AwakeInstancesAfterBackupRestoration (0ms)
========================================================================
Worker process is ready to serve import requests
Import Worker Mode flag is 0x00
Begin MonoManager ReloadAssembly
Launched and connected shader compiler UnityShaderCompiler.exe after 0.01 seconds
Duplicate assembly 'log4net.dll' with different versions detected, using 'Packages/com.unity.package-validation-suite/Lib/Editor/log4net.dll, AssemblyName=log4net, Version=2.0.8.0, Culture=neutral, PublicKeyToken=669e0ddf0bb1aa2a' and ignoring 'Packages/com.unity.collab-proxy/Lib/Editor/log4netPlastic.dll, AssemblyName=log4net, Version=1.2.15.0, Culture=neutral, PublicKeyToken=669e0ddf0bb1aa2a'.- Loaded All Assemblies, in  1.503 seconds
'Assets/Photon/Fusion/Runtime/Fusion.Unity.cs' contains partial class of Unity.Object, exactly 1 of the partial classes needs to be in a file with the same filename. This is to know the one that can be referenced from ie. GameObjects
'Assets/Photon/Fusion/Runtime/Fusion.Unity.cs' contains partial class of Unity.Object, exactly 1 of the partial classes needs to be in a file with the same filename. This is to know the one that can be referenced from ie. GameObjects
Refreshing native plugins compatible for Editor in 4.52 ms, found 4 plugins.
Native extension for Android target not found
Native extension for UWP target not found
Native extension for WindowsStandalone target not found
Native extension for WebGL target not found
Package Manager log level set to [2]
[Package Manager] Failed to launch server process. Reason: Unity was launched with the -noUpm command-line argument
[Package Manager] Unable to send message (not connected to server process).
[Package Manager] Cannot connect to Unity Package Manager local server
[ScriptCompilation] NOT recompiling all scripts because this is an import worker process. Reason to compile was: Define symbols changed
[MODES] ModeService[none].Initialize
[MODES] ModeService[none].LoadModes
[MODES] Loading mode Default (0) for mode-current-id-2por1
Mono: successfully reloaded assembly
- Finished resetting the current domain, in  1.068 seconds
Domain Reload Profiling: 2563ms
	BeginReloadAssembly (624ms)
		ExecutionOrderSort (0ms)
		DisableScriptedObjects (406ms)
		BackupInstance (0ms)
		ReleaseScriptingObjects (0ms)
		CreateAndSetChildDomain (42ms)
	RebuildCommonClasses (48ms)
	RebuildNativeTypeToScriptingClass (13ms)
	initialDomainReloadingComplete (52ms)
	LoadAllAssembliesAndSetupDomain (757ms)
		LoadAssemblies (523ms)
		RebuildTransferFunctionScriptingTraits (0ms)
		AnalyzeDomain (346ms)
			TypeCache.Refresh (260ms)
				TypeCache.ScanAssembly (240ms)
			BuildScriptInfoCaches (67ms)
			ResolveRequiredComponents (16ms)
	FinalizeReload (1069ms)
		ReleaseScriptCaches (0ms)
		RebuildScriptCaches (0ms)
		SetupLoadedEditorAssemblies (899ms)
			LogAssemblyErrors (0ms)
			InitializePlatformSupportModulesInManaged (16ms)
			SetLoadedEditorAssemblies (5ms)
			BeforeProcessingInitializeOnLoad (151ms)
			ProcessInitializeOnLoadAttributes (607ms)
			ProcessInitializeOnLoadMethodAttributes (111ms)
			AfterProcessingInitializeOnLoad (8ms)
			EditorAssembliesLoaded (0ms)
		ExecutionOrderSort2 (0ms)
		AwakeInstancesAfterBackupRestoration (18ms)
WARNING: Shader Unsupported: 'Hidden/Universal Render Pipeline/Terrain/Lit (Base Pass)' - All subshaders removed
WARNING: Shader Did you use #pragma only_renderers and omit this platform?
WARNING: Shader If subshaders removal was intentional, you may have forgotten turning Fallback off?
WARNING: Shader Unsupported: 'Hidden/Universal Render Pipeline/Terrain/Lit (Base Pass)' - All subshaders removed
WARNING: Shader Did you use #pragma only_renderers and omit this platform?
WARNING: Shader If subshaders removal was intentional, you may have forgotten turning Fallback off?
WARNING: Shader Unsupported: 'Universal Render Pipeline/Terrain/Lit' - All subshaders removed
WARNING: Shader Did you use #pragma only_renderers and omit this platform?
WARNING: Shader If subshaders removal was intentional, you may have forgotten turning Fallback off?
WARNING: Shader Unsupported: 'Universal Render Pipeline/Terrain/Lit' - All subshaders removed
WARNING: Shader Did you use #pragma only_renderers and omit this platform?
WARNING: Shader If subshaders removal was intentional, you may have forgotten turning Fallback off?
Refreshing native plugins compatible for Editor in 4.79 ms, found 4 plugins.
Preloading 0 native plugins for Editor in 0.00 ms.
Unloading 47 Unused Serialized files (Serialized files now loaded: 0)
Unloading 7017 unused Assets / (9.0 MB). Loaded Objects now: 7642.
Memory consumption went from 149.8 MB to 140.8 MB.
Total: 13.127100 ms (FindLiveObjects: 0.776500 ms CreateObjectMapping: 0.994500 ms MarkObjects: 5.256400 ms  DeleteObjects: 6.098100 ms)

========================================================================
Received Import Request.
  Time since last request: 30246.081834 seconds.
  path: Assets/Scenes/Fase_Prototipo.unity
  artifactKey: Guid(04b4fdd7ac360b345b22ce178edf2fdd) Importer(2089858483,192608db42251d675da83286b1cce702)
Start importing Assets/Scenes/Fase_Prototipo.unity using Guid(04b4fdd7ac360b345b22ce178edf2fdd) Importer(2089858483,192608db42251d675da83286b1cce702) (ScriptedImporter) -> (artifact id: '1f2ff8bfdbf7113fc197df96349f993b') in 0.2829981 seconds
Number of updated asset objects reloaded before import = 0Number of asset objects unloaded after import = 1

========================================================================
Received Import Request.
  Time since last request: 0.000024 seconds.
  path: Assets/Guddies/Low Poly City Objects Pack/Models/Road Sign Double Sided R.prefab
  artifactKey: Guid(7c0bc8e8806e62d4f820aa521f97cfbc) Importer(2089858483,192608db42251d675da83286b1cce702)
Start importing Assets/Guddies/Low Poly City Objects Pack/Models/Road Sign Double Sided R.prefab using Guid(7c0bc8e8806e62d4f820aa521f97cfbc) Importer(2089858483,192608db42251d675da83286b1cce702) (ScriptedImporter) -> (artifact id: '43551f34750b9c19b9d7bbaca0d13a9b') in 0.0912097 seconds
Number of updated asset objects reloaded before import = 0Number of asset objects unloaded after import = 8

========================================================================
Received Import Request.
  Time since last request: 0.000044 seconds.
  path: Assets/Guddies/Low Poly City Objects Pack/Models/Road Sign Double Sided L.prefab
  artifactKey: Guid(59e22f8b3c81e3045bca8ab3c8f8acbe) Importer(2089858483,192608db42251d675da83286b1cce702)
Start importing Assets/Guddies/Low Poly City Objects Pack/Models/Road Sign Double Sided L.prefab using Guid(59e22f8b3c81e3045bca8ab3c8f8acbe) Importer(2089858483,192608db42251d675da83286b1cce702) (ScriptedImporter) -> (artifact id: '00ae85cb78e64068138fbf845743cc5b') in 0.0190972 seconds
Number of updated asset objects reloaded before import = 0Number of asset objects unloaded after import = 8

========================================================================
Received Import Request.
  Time since last request: 0.000019 seconds.
  path: Assets/Guddies/Low Poly City Objects Pack/Models/Cable box B.prefab
  artifactKey: Guid(c950cb50053f2e940a3eeb7500bdefcc) Importer(2089858483,192608db42251d675da83286b1cce702)
Start importing Assets/Guddies/Low Poly City Objects Pack/Models/Cable box B.prefab using Guid(c950cb50053f2e940a3eeb7500bdefcc) Importer(2089858483,192608db42251d675da83286b1cce702) (ScriptedImporter) -> (artifact id: '969cf29fb0e4c8b1a0bf778b295a1122') in 0.0230239 seconds
Number of updated asset objects reloaded before import = 0Number of asset objects unloaded after import = 8

========================================================================
Received Import Request.
  Time since last request: 0.000025 seconds.
  path: Assets/Guddies/Low Poly City Objects Pack/Models/Road Sign Med.prefab
  artifactKey: Guid(1b2e2f4e7b3c6414c97822fa5508b72c) Importer(2089858483,192608db42251d675da83286b1cce702)
Start importing Assets/Guddies/Low Poly City Objects Pack/Models/Road Sign Med.prefab using Guid(1b2e2f4e7b3c6414c97822fa5508b72c) Importer(2089858483,192608db42251d675da83286b1cce702) (ScriptedImporter) -> (artifact id: '29af46ef67399bd2aa8f29a8fb175ca0') in 0.0253001 seconds
Number of updated asset objects reloaded before import = 0Number of asset objects unloaded after import = 8

========================================================================
Received Import Request.
  Time since last request: 0.000017 seconds.
  path: Assets/Scripts/Fusion/PlayerSpawner.cs
  artifactKey: Guid(9514163f2b7997f43ae7e180001c6414) Importer(2089858483,192608db42251d675da83286b1cce702)
Start importing Assets/Scripts/Fusion/PlayerSpawner.cs using Guid(9514163f2b7997f43ae7e180001c6414) Importer(2089858483,192608db42251d675da83286b1cce702) (ScriptedImporter) -> (artifact id: 'd4382d9074742ce762bbf04ff0bab738') in 0.0204522 seconds
Number of updated asset objects reloaded before import = 0Number of asset objects unloaded after import = 0

========================================================================
Received Import Request.
  Time since last request: 0.000020 seconds.
  path: Assets/Scripts/UI e Menu/UIRefresher.cs
  artifactKey: Guid(dab49aed3605c2c46a44e95b0f24cfad) Importer(2089858483,192608db42251d675da83286b1cce702)
Start importing Assets/Scripts/UI e Menu/UIRefresher.cs using Guid(dab49aed3605c2c46a44e95b0f24cfad) Importer(2089858483,192608db42251d675da83286b1cce702) (ScriptedImporter) -> (artifact id: '974493c87102e58847dd86321fd43dc7') in 0.0194927 seconds
Number of updated asset objects reloaded before import = 0Number of asset objects unloaded after import = 0

========================================================================
Received Import Request.
  Time since last request: 0.000059 seconds.
  path: Assets/Guddies/Low Poly City Objects Pack/Models/Bin Rural.prefab
  artifactKey: Guid(427e0e50c94fc234c99c28ef6b5e485e) Importer(2089858483,192608db42251d675da83286b1cce702)
Start importing Assets/Guddies/Low Poly City Objects Pack/Models/Bin Rural.prefab using Guid(427e0e50c94fc234c99c28ef6b5e485e) Importer(2089858483,192608db42251d675da83286b1cce702) (ScriptedImporter) -> (artifact id: '965881a72424d0f2fb559ad908178905') in 0.0217369 seconds
Number of updated asset objects reloaded before import = 0Number of asset objects unloaded after import = 8

========================================================================
Received Import Request.
  Time since last request: 0.000018 seconds.
  path: Assets/ithappy/Cartoon_City_Free/Materials/Color.mat
  artifactKey: Guid(f6e69271f7fac004db79def4ca76573b) Importer(2089858483,192608db42251d675da83286b1cce702)
Start importing Assets/ithappy/Cartoon_City_Free/Materials/Color.mat using Guid(f6e69271f7fac004db79def4ca76573b) Importer(2089858483,192608db42251d675da83286b1cce702) (ScriptedImporter) -> (artifact id: '44ae81b79134be4c910f88f22501774f') in 0.0411624 seconds
Number of updated asset objects reloaded before import = 0Number of asset objects unloaded after import = 2

========================================================================
Received Import Request.
  Time since last request: 0.000020 seconds.
  path: Assets/Guddies/Low Poly City Objects Pack/Models/Bollard A.prefab
  artifactKey: Guid(099b3e3462d7948429046d575dbfe284) Importer(2089858483,192608db42251d675da83286b1cce702)
Start importing Assets/Guddies/Low Poly City Objects Pack/Models/Bollard A.prefab using Guid(099b3e3462d7948429046d575dbfe284) Importer(2089858483,192608db42251d675da83286b1cce702) (ScriptedImporter) -> (artifact id: '43d7aa47342ce4ba5f3f78b44be92314') in 0.035669 seconds
Number of updated asset objects reloaded before import = 0Number of asset objects unloaded after import = 8

========================================================================
Received Import Request.
  Time since last request: 0.000068 seconds.
  path: Assets/Scripts/UI e Menu/CountdownTimer.cs
  artifactKey: Guid(067d355e283510b4cae319cc2a687058) Importer(2089858483,192608db42251d675da83286b1cce702)
Start importing Assets/Scripts/UI e Menu/CountdownTimer.cs using Guid(067d355e283510b4cae319cc2a687058) Importer(2089858483,192608db42251d675da83286b1cce702) (ScriptedImporter) -> (artifact id: '40a2901fb34f914f454dd69ec1b87a4a') in 0.0226075 seconds
Number of updated asset objects reloaded before import = 0Number of asset objects unloaded after import = 0

========================================================================
Received Import Request.
  Time since last request: 0.000080 seconds.
  path: Assets/Guddies/Low Poly City Objects Pack/Models/Trash Can A.prefab
  artifactKey: Guid(6fd3fac0ce5a5d54f8a5a0a0303a0b02) Importer(2089858483,192608db42251d675da83286b1cce702)
Start importing Assets/Guddies/Low Poly City Objects Pack/Models/Trash Can A.prefab using Guid(6fd3fac0ce5a5d54f8a5a0a0303a0b02) Importer(2089858483,192608db42251d675da83286b1cce702) (ScriptedImporter) -> (artifact id: '3166275c666573ae8e927294baa3f473') in 0.032055 seconds
Number of updated asset objects reloaded before import = 0Number of asset objects unloaded after import = 13

========================================================================
Received Import Request.
  Time since last request: 0.000023 seconds.
  path: Assets/Guddies/Low Poly City Objects Pack/Models/Light Streetlight.prefab
  artifactKey: Guid(b4c6337bc3f98b449bab8cdc9fbca812) Importer(2089858483,192608db42251d675da83286b1cce702)
Start importing Assets/Guddies/Low Poly City Objects Pack/Models/Light Streetlight.prefab using Guid(b4c6337bc3f98b449bab8cdc9fbca812) Importer(2089858483,192608db42251d675da83286b1cce702) (ScriptedImporter) -> (artifact id: 'dfba6ce64b9680476630e119bcc085ff') in 0.0255126 seconds
Number of updated asset objects reloaded before import = 0Number of asset objects unloaded after import = 8

========================================================================
Received Import Request.
  Time since last request: 0.000021 seconds.
  path: Assets/Guddies/Low Poly City Objects Pack/Material Setup/Textures/lowply_pallette.png
  artifactKey: Guid(a4368f72e60106e40aa136ccc029513f) Importer(815301076,1909f56bfc062723c751e8b465ee728b)
Start importing Assets/Guddies/Low Poly City Objects Pack/Material Setup/Textures/lowply_pallette.png using Guid(a4368f72e60106e40aa136ccc029513f) Importer(815301076,1909f56bfc062723c751e8b465ee728b) (PreviewImporter) -> (artifact id: '585981391afe72e8e46dc3a97700563e') in 0.0816923 seconds
Number of updated asset objects reloaded before import = 0Number of asset objects unloaded after import = 2

========================================================================
Received Import Request.
  Time since last request: 0.000023 seconds.
  path: Assets/Assets/3D/Models/Tones/Animations-Tones/Tones Animator Controller.controller
  artifactKey: Guid(177d21ea71a9aa84e95a96355e83b8f1) Importer(2089858483,192608db42251d675da83286b1cce702)
Start importing Assets/Assets/3D/Models/Tones/Animations-Tones/Tones Animator Controller.controller using Guid(177d21ea71a9aa84e95a96355e83b8f1) Importer(2089858483,192608db42251d675da83286b1cce702) (ScriptedImporter) -> (artifact id: '38b1dc382d6f0ef97ae99a25d7069915') in 0.2691338 seconds
Number of updated asset objects reloaded before import = 0Number of asset objects unloaded after import = 55

========================================================================
Received Import Request.
  Time since last request: 0.000045 seconds.
  path: Assets/Assets/2D/Videos/M_Video.mat
  artifactKey: Guid(95503ce64b66a124abcdc6b9f2441132) Importer(2089858483,192608db42251d675da83286b1cce702)
Start importing Assets/Assets/2D/Videos/M_Video.mat using Guid(95503ce64b66a124abcdc6b9f2441132) Importer(2089858483,192608db42251d675da83286b1cce702) (ScriptedImporter) -> (artifact id: '1481467b8eb62488f741058a9c5e7de9') in 0.0475223 seconds
Number of updated asset objects reloaded before import = 0Number of asset objects unloaded after import = 2

========================================================================
Received Import Request.
  Time since last request: 0.000036 seconds.
  path: Assets/Guddies/Low Poly City Objects Pack/Models/Cable Box C.prefab
  artifactKey: Guid(ac6f42902a9104b4a9ee666ac3b50101) Importer(2089858483,192608db42251d675da83286b1cce702)
Start importing Assets/Guddies/Low Poly City Objects Pack/Models/Cable Box C.prefab using Guid(ac6f42902a9104b4a9ee666ac3b50101) Importer(2089858483,192608db42251d675da83286b1cce702) (ScriptedImporter) -> (artifact id: '44f1ec42897f9f6a48e817c73ce13260') in 0.0219382 seconds
Number of updated asset objects reloaded before import = 0Number of asset objects unloaded after import = 8

========================================================================
Received Import Request.
  Time since last request: 0.000028 seconds.
  path: Assets/Guddies/Low Poly City Objects Pack/Models/Bin Black.prefab
  artifactKey: Guid(0ca64f8e7406683449d4e090bf7c9761) Importer(2089858483,192608db42251d675da83286b1cce702)
Start importing Assets/Guddies/Low Poly City Objects Pack/Models/Bin Black.prefab using Guid(0ca64f8e7406683449d4e090bf7c9761) Importer(2089858483,192608db42251d675da83286b1cce702) (ScriptedImporter) -> (artifact id: 'b9954004720dc05acd78fedef2c4e0c1') in 0.024456 seconds
Number of updated asset objects reloaded before import = 0Number of asset objects unloaded after import = 8

========================================================================
Received Import Request.
  Time since last request: 0.000018 seconds.
  path: Assets/ithappy/Cartoon_City_Free/Materials/Tile_1.mat
  artifactKey: Guid(bc55c3d1adbcb0c458f787ae522d6e08) Importer(2089858483,192608db42251d675da83286b1cce702)
Start importing Assets/ithappy/Cartoon_City_Free/Materials/Tile_1.mat using Guid(bc55c3d1adbcb0c458f787ae522d6e08) Importer(2089858483,192608db42251d675da83286b1cce702) (ScriptedImporter) -> (artifact id: '1ca425ca386844f95b0421735fec7455') in 0.0315005 seconds
Number of updated asset objects reloaded before import = 0Number of asset objects unloaded after import = 2

========================================================================
Received Import Request.
  Time since last request: 0.000035 seconds.
  path: Assets/Assets/2D/Videos/tela de vitória.mp4
  artifactKey: Guid(7884b2dd7992a0142b04ce5c29b26932) Importer(2089858483,192608db42251d675da83286b1cce702)
Start importing Assets/Assets/2D/Videos/tela de vitória.mp4 using Guid(7884b2dd7992a0142b04ce5c29b26932) Importer(2089858483,192608db42251d675da83286b1cce702) (ScriptedImporter) -> (artifact id: '26a52f12073acb10eb8f405966116c98') in 0.0429371 seconds
Number of updated asset objects reloaded before import = 0Number of asset objects unloaded after import = 1

========================================================================
Received Import Request.
  Time since last request: 0.000020 seconds.
  path: Assets/Guddies/Low Poly City Objects Pack/Models/Bollard B 1.prefab
  artifactKey: Guid(b2343eb4f7d9c934994b730a2920d4a6) Importer(2089858483,192608db42251d675da83286b1cce702)
Start importing Assets/Guddies/Low Poly City Objects Pack/Models/Bollard B 1.prefab using Guid(b2343eb4f7d9c934994b730a2920d4a6) Importer(2089858483,192608db42251d675da83286b1cce702) (ScriptedImporter) -> (artifact id: '13f12daa74d959c5ba7d6936f7297e05') in 0.025569 seconds
Number of updated asset objects reloaded before import = 0Number of asset objects unloaded after import = 8

========================================================================
Received Import Request.
  Time since last request: 0.000022 seconds.
  path: Assets/Guddies/Low Poly City Objects Pack/Models/Sandwhich Board.prefab
  artifactKey: Guid(64c80a6471306a647b4b8491c54a95b2) Importer(2089858483,192608db42251d675da83286b1cce702)
Start importing Assets/Guddies/Low Poly City Objects Pack/Models/Sandwhich Board.prefab using Guid(64c80a6471306a647b4b8491c54a95b2) Importer(2089858483,192608db42251d675da83286b1cce702) (ScriptedImporter) -> (artifact id: '1dce089ee260bd045e5b3824ce350125') in 0.0247288 seconds
Number of updated asset objects reloaded before import = 0Number of asset objects unloaded after import = 8

========================================================================
Received Import Request.
  Time since last request: 0.000022 seconds.
  path: Assets/Guddies/Low Poly City Objects Pack
  artifactKey: Guid(0a6ee23c2eeaecc45b6340909808048e) Importer(2089858483,192608db42251d675da83286b1cce702)
Start importing Assets/Guddies/Low Poly City Objects Pack using Guid(0a6ee23c2eeaecc45b6340909808048e) Importer(2089858483,192608db42251d675da83286b1cce702) (ScriptedImporter) -> (artifact id: 'dd80c73da430124ef9dcf27c958d3712') in 0.0206065 seconds
Number of updated asset objects reloaded before import = 0Number of asset objects unloaded after import = 1

========================================================================
Received Import Request.
  Time since last request: 0.000036 seconds.
  path: Assets/Guddies/Low Poly City Objects Pack/Models/Light Stop.prefab
  artifactKey: Guid(8020c549cc959004480266f8c7ebe3ec) Importer(2089858483,192608db42251d675da83286b1cce702)
Start importing Assets/Guddies/Low Poly City Objects Pack/Models/Light Stop.prefab using Guid(8020c549cc959004480266f8c7ebe3ec) Importer(2089858483,192608db42251d675da83286b1cce702) (ScriptedImporter) -> (artifact id: '0c7c51dfcce5df49faba54480403c11b') in 0.0247715 seconds
Number of updated asset objects reloaded before import = 0Number of asset objects unloaded after import = 13

========================================================================
Received Import Request.
  Time since last request: 0.000036 seconds.
  path: Assets/Guddies/Low Poly City Objects Pack/Models/Road Sign Large.prefab
  artifactKey: Guid(f03c2cb874c66204f989a3ad8cf76948) Importer(2089858483,192608db42251d675da83286b1cce702)
Start importing Assets/Guddies/Low Poly City Objects Pack/Models/Road Sign Large.prefab using Guid(f03c2cb874c66204f989a3ad8cf76948) Importer(2089858483,192608db42251d675da83286b1cce702) (ScriptedImporter) -> (artifact id: 'a8cd5dd4d28ed6edd82f4c871af86205') in 0.0231416 seconds
Number of updated asset objects reloaded before import = 0Number of asset objects unloaded after import = 8

========================================================================
Received Import Request.
  Time since last request: 0.000023 seconds.
  path: Assets/Scripts/Players/IPlayerMovement.cs
  artifactKey: Guid(7306d3a2936a4944ab19b8265cc28f70) Importer(2089858483,192608db42251d675da83286b1cce702)
Start importing Assets/Scripts/Players/IPlayerMovement.cs using Guid(7306d3a2936a4944ab19b8265cc28f70) Importer(2089858483,192608db42251d675da83286b1cce702) (ScriptedImporter) -> (artifact id: '9f5733dbeaed8c093dcd7260e4be68f6') in 0.0186764 seconds
Number of updated asset objects reloaded before import = 0Number of asset objects unloaded after import = 0

========================================================================
Received Import Request.
  Time since last request: 0.000067 seconds.
  path: Assets/Guddies/Low Poly City Objects Pack/Models/Light Roadside.prefab
  artifactKey: Guid(5db9982c3c2fe184f9e64833d3e61a57) Importer(2089858483,192608db42251d675da83286b1cce702)
Start importing Assets/Guddies/Low Poly City Objects Pack/Models/Light Roadside.prefab using Guid(5db9982c3c2fe184f9e64833d3e61a57) Importer(2089858483,192608db42251d675da83286b1cce702) (ScriptedImporter) -> (artifact id: '210de2fc8186ee6e6fefecc3510eb292') in 0.0267795 seconds
Number of updated asset objects reloaded before import = 0Number of asset objects unloaded after import = 8

========================================================================
Received Import Request.
  Time since last request: 0.000031 seconds.
  path: Assets/Assets/2D/Pichações/Materials/cartaz_clean.mat
  artifactKey: Guid(c2ca5545b8186bd468bc4144fe5e94d7) Importer(2089858483,192608db42251d675da83286b1cce702)
Start importing Assets/Assets/2D/Pichações/Materials/cartaz_clean.mat using Guid(c2ca5545b8186bd468bc4144fe5e94d7) Importer(2089858483,192608db42251d675da83286b1cce702) (ScriptedImporter) -> (artifact id: '813ac81309641dc60fe3de7dd1d86324') in 0.0910589 seconds
Number of updated asset objects reloaded before import = 0Number of asset objects unloaded after import = 3

========================================================================
Received Import Request.
  Time since last request: 0.000034 seconds.
  path: Assets/Scripts/Players/PlayerInteraction.cs
  artifactKey: Guid(9b300970789911d48a51552505cbdfaa) Importer(2089858483,192608db42251d675da83286b1cce702)
Start importing Assets/Scripts/Players/PlayerInteraction.cs using Guid(9b300970789911d48a51552505cbdfaa) Importer(2089858483,192608db42251d675da83286b1cce702) (ScriptedImporter) -> (artifact id: '6f4189eb22536a496cc4d5477d0da0cc') in 0.0237848 seconds
Number of updated asset objects reloaded before import = 0Number of asset objects unloaded after import = 0

========================================================================
Received Import Request.
  Time since last request: 0.000071 seconds.
  path: Assets/Scripts/GameManager.cs
  artifactKey: Guid(9e5464717a2fa984c80490825537655b) Importer(2089858483,192608db42251d675da83286b1cce702)
Start importing Assets/Scripts/GameManager.cs using Guid(9e5464717a2fa984c80490825537655b) Importer(2089858483,192608db42251d675da83286b1cce702) (ScriptedImporter) -> (artifact id: 'a109e0efb2b3c739856cfd56dbfd257f') in 0.0203257 seconds
Number of updated asset objects reloaded before import = 0Number of asset objects unloaded after import = 0

========================================================================
Received Import Request.
  Time since last request: 0.000070 seconds.
  path: Assets/Scripts/Audio/VolumeSettingsRefresher.cs
  artifactKey: Guid(301e020372bf23449afb9ba8b1e88c32) Importer(2089858483,192608db42251d675da83286b1cce702)
Start importing Assets/Scripts/Audio/VolumeSettingsRefresher.cs using Guid(301e020372bf23449afb9ba8b1e88c32) Importer(2089858483,192608db42251d675da83286b1cce702) (ScriptedImporter) -> (artifact id: '8474bb9c523572aa02648139c1409374') in 0.0229843 seconds
Number of updated asset objects reloaded before import = 0Number of asset objects unloaded after import = 0

========================================================================
Received Import Request.
  Time since last request: 0.000049 seconds.
  path: Assets/Guddies/Low Poly City Objects Pack/Material Setup
  artifactKey: Guid(ad65a015466e7124a9066c0a240d7a34) Importer(2089858483,192608db42251d675da83286b1cce702)
Start importing Assets/Guddies/Low Poly City Objects Pack/Material Setup using Guid(ad65a015466e7124a9066c0a240d7a34) Importer(2089858483,192608db42251d675da83286b1cce702) (ScriptedImporter) -> (artifact id: 'd5ffdd14490dbec1f4ba46f64ed33616') in 0.0224321 seconds
Number of updated asset objects reloaded before import = 0Number of asset objects unloaded after import = 1

========================================================================
Received Import Request.
  Time since last request: 0.000036 seconds.
  path: Assets/Scripts/Players/PlayerMovement.cs
  artifactKey: Guid(6fd713bb3dc23c04c9c81ee5a003183a) Importer(2089858483,192608db42251d675da83286b1cce702)
Start importing Assets/Scripts/Players/PlayerMovement.cs using Guid(6fd713bb3dc23c04c9c81ee5a003183a) Importer(2089858483,192608db42251d675da83286b1cce702) (ScriptedImporter) -> (artifact id: '6d2739dcccbde7c01cb5ed604aef98f7') in 0.0205261 seconds
Number of updated asset objects reloaded before import = 0Number of asset objects unloaded after import = 0

========================================================================
Received Import Request.
  Time since last request: 0.000126 seconds.
  path: Assets/Guddies/Low Poly City Objects Pack/Material Setup/Textures
  artifactKey: Guid(edc60e1e422ade04ca1c630e80071366) Importer(815301076,1909f56bfc062723c751e8b465ee728b)
Start importing Assets/Guddies/Low Poly City Objects Pack/Material Setup/Textures using Guid(edc60e1e422ade04ca1c630e80071366) Importer(815301076,1909f56bfc062723c751e8b465ee728b) (PreviewImporter) -> (artifact id: 'e26a605d82b1750c1dc53cc4a22f4629') in 0.0007136 seconds
Number of updated asset objects reloaded before import = 0Number of asset objects unloaded after import = 0

========================================================================
Received Import Request.
  Time since last request: 0.000057 seconds.
  path: Assets/LowpolyStreetPack/Meshes/Materials/Atlas.mat
  artifactKey: Guid(38e0f6c0765a5374f9a428840748d450) Importer(2089858483,192608db42251d675da83286b1cce702)
Start importing Assets/LowpolyStreetPack/Meshes/Materials/Atlas.mat using Guid(38e0f6c0765a5374f9a428840748d450) Importer(2089858483,192608db42251d675da83286b1cce702) (ScriptedImporter) -> (artifact id: 'b44c8ea84f57bfa8792d3764dee16fce') in 0.0609024 seconds
Number of updated asset objects reloaded before import = 0Number of asset objects unloaded after import = 2

========================================================================
Received Import Request.
  Time since last request: 0.000038 seconds.
  path: Assets/Guddies/Low Poly City Objects Pack/Models/Bin Blue.prefab
  artifactKey: Guid(daeb185012d04254bb39508851961e79) Importer(2089858483,192608db42251d675da83286b1cce702)
Start importing Assets/Guddies/Low Poly City Objects Pack/Models/Bin Blue.prefab using Guid(daeb185012d04254bb39508851961e79) Importer(2089858483,192608db42251d675da83286b1cce702) (ScriptedImporter) -> (artifact id: '985f5cc33b259fdf5b6deaef5d4c2279') in 0.025375 seconds
Number of updated asset objects reloaded before import = 0Number of asset objects unloaded after import = 8

========================================================================
Received Import Request.
  Time since last request: 0.000023 seconds.
  path: Assets/Guddies/Low Poly City Objects Pack/Models/Road Sign Small R.prefab
  artifactKey: Guid(d2f4a8c5673c6854f8b0459fcff233a0) Importer(2089858483,192608db42251d675da83286b1cce702)
Start importing Assets/Guddies/Low Poly City Objects Pack/Models/Road Sign Small R.prefab using Guid(d2f4a8c5673c6854f8b0459fcff233a0) Importer(2089858483,192608db42251d675da83286b1cce702) (ScriptedImporter) -> (artifact id: '965f8257de99b064b7be25abc6c1a061') in 0.0277401 seconds
Number of updated asset objects reloaded before import = 0Number of asset objects unloaded after import = 8

========================================================================
Received Import Request.
  Time since last request: 0.000027 seconds.
  path: Assets/Prefabs/DEFI 1.prefab
  artifactKey: Guid(3ada9a01b3e51e04bbc47136bc7cdd2b) Importer(2089858483,192608db42251d675da83286b1cce702)
Start importing Assets/Prefabs/DEFI 1.prefab using Guid(3ada9a01b3e51e04bbc47136bc7cdd2b) Importer(2089858483,192608db42251d675da83286b1cce702) (ScriptedImporter) -> (artifact id: 'a6aa03df01ee3d8ee7d7491247bde970') in 0.1314241 seconds
Number of updated asset objects reloaded before import = 0Number of asset objects unloaded after import = 117

========================================================================
Received Import Request.
  Time since last request: 0.000031 seconds.
  path: Assets/Guddies/Low Poly City Objects Pack/Models/Bin Brown.prefab
  artifactKey: Guid(21dcfebc371aeb14f89ffb36309e224c) Importer(2089858483,192608db42251d675da83286b1cce702)
Start importing Assets/Guddies/Low Poly City Objects Pack/Models/Bin Brown.prefab using Guid(21dcfebc371aeb14f89ffb36309e224c) Importer(2089858483,192608db42251d675da83286b1cce702) (ScriptedImporter) -> (artifact id: '82a4c16dbc866812ca0a2f86f8faa23e') in 0.0267678 seconds
Number of updated asset objects reloaded before import = 0Number of asset objects unloaded after import = 8

========================================================================
Received Import Request.
  Time since last request: 0.000031 seconds.
  path: Assets/Guddies/Low Poly City Objects Pack/Models/Light Motorway.prefab
  artifactKey: Guid(e78b3fd4625abcd45952d0b46bd0ccfa) Importer(2089858483,192608db42251d675da83286b1cce702)
Start importing Assets/Guddies/Low Poly City Objects Pack/Models/Light Motorway.prefab using Guid(e78b3fd4625abcd45952d0b46bd0ccfa) Importer(2089858483,192608db42251d675da83286b1cce702) (ScriptedImporter) -> (artifact id: '5771d7f92c56d45268cf1c8998a30783') in 0.0293632 seconds
Number of updated asset objects reloaded before import = 0Number of asset objects unloaded after import = 8

========================================================================
Received Import Request.
  Time since last request: 0.000100 seconds.
  path: Assets/Assets/3D/Models/Defi_Backup/defi_animator_controller.controller
  artifactKey: Guid(b1aed23ba684d9646a78900ac386906b) Importer(2089858483,192608db42251d675da83286b1cce702)
Start importing Assets/Assets/3D/Models/Defi_Backup/defi_animator_controller.controller using Guid(b1aed23ba684d9646a78900ac386906b) Importer(2089858483,192608db42251d675da83286b1cce702) (ScriptedImporter) -> (artifact id: 'e55b5246b4ef62e23be8cc120ba02fb1') in 0.0212921 seconds
Number of updated asset objects reloaded before import = 0Number of asset objects unloaded after import = 44

========================================================================
Received Import Request.
  Time since last request: 0.000032 seconds.
  path: Assets/Assets/2D/UI/icone_ultimate_verdefeedback.png
  artifactKey: Guid(b638a53899d7e4745a22d36bff0c95fc) Importer(2089858483,192608db42251d675da83286b1cce702)
Start importing Assets/Assets/2D/UI/icone_ultimate_verdefeedback.png using Guid(b638a53899d7e4745a22d36bff0c95fc) Importer(2089858483,192608db42251d675da83286b1cce702) (ScriptedImporter) -> (artifact id: '9606dc1e4235fb6963199abff8d21399') in 0.0816924 seconds
Number of updated asset objects reloaded before import = 0Number of asset objects unloaded after import = 3

========================================================================
Received Import Request.
  Time since last request: 0.000017 seconds.
  path: Assets/Guddies/Low Poly City Objects Pack/Models/Wooden Pallet A.prefab
  artifactKey: Guid(c844a24dd4ffd034080a1d65bda4edef) Importer(2089858483,192608db42251d675da83286b1cce702)
Start importing Assets/Guddies/Low Poly City Objects Pack/Models/Wooden Pallet A.prefab using Guid(c844a24dd4ffd034080a1d65bda4edef) Importer(2089858483,192608db42251d675da83286b1cce702) (ScriptedImporter) -> (artifact id: 'c62462320b1ecd38b8f8bb5a94ee9656') in 0.0238125 seconds
Number of updated asset objects reloaded before import = 0Number of asset objects unloaded after import = 8

========================================================================
Received Import Request.
  Time since last request: 0.000025 seconds.
  path: Assets/Guddies/Low Poly City Objects Pack/Models/Telephone Poll.prefab
  artifactKey: Guid(e293c4be696bd8b4087ca3d21001910b) Importer(2089858483,192608db42251d675da83286b1cce702)
Start importing Assets/Guddies/Low Poly City Objects Pack/Models/Telephone Poll.prefab using Guid(e293c4be696bd8b4087ca3d21001910b) Importer(2089858483,192608db42251d675da83286b1cce702) (ScriptedImporter) -> (artifact id: '9def1b71b33b0e402b82bca23eb757f1') in 0.0255079 seconds
Number of updated asset objects reloaded before import = 0Number of asset objects unloaded after import = 8

========================================================================
Received Import Request.
  Time since last request: 0.000024 seconds.
  path: Assets/Guddies/Low Poly City Objects Pack/Models/Trashbag A.prefab
  artifactKey: Guid(0eea27ceb84fd354eaced898db00f676) Importer(2089858483,192608db42251d675da83286b1cce702)
Start importing Assets/Guddies/Low Poly City Objects Pack/Models/Trashbag A.prefab using Guid(0eea27ceb84fd354eaced898db00f676) Importer(2089858483,192608db42251d675da83286b1cce702) (ScriptedImporter) -> (artifact id: '20086bf4b18055176f7c3707d305e0ad') in 0.0213857 seconds
Number of updated asset objects reloaded before import = 0Number of asset objects unloaded after import = 8

========================================================================
Received Import Request.
  Time since last request: 0.000016 seconds.
  path: Assets/Guddies/Low Poly City Objects Pack/Models/Bin Urban.prefab
  artifactKey: Guid(54ba78a3c711b15489a9ae85596aa843) Importer(2089858483,192608db42251d675da83286b1cce702)
Start importing Assets/Guddies/Low Poly City Objects Pack/Models/Bin Urban.prefab using Guid(54ba78a3c711b15489a9ae85596aa843) Importer(2089858483,192608db42251d675da83286b1cce702) (ScriptedImporter) -> (artifact id: 'd96d39008fd38bbcf874e522d2df8de8') in 0.0200063 seconds
Number of updated asset objects reloaded before import = 0Number of asset objects unloaded after import = 8

========================================================================
Received Import Request.
  Time since last request: 0.000020 seconds.
  path: Assets/Assets/3D/Props/gradiente.mat
  artifactKey: Guid(704eeba9054bada4097eac2185cd7ab1) Importer(2089858483,192608db42251d675da83286b1cce702)
Start importing Assets/Assets/3D/Props/gradiente.mat using Guid(704eeba9054bada4097eac2185cd7ab1) Importer(2089858483,192608db42251d675da83286b1cce702) (ScriptedImporter) -> (artifact id: 'ed0bca4af956fb316b72be2e9b1708bd') in 0.0497239 seconds
Number of updated asset objects reloaded before import = 0Number of asset objects unloaded after import = 3

========================================================================
Received Import Request.
  Time since last request: 0.000027 seconds.
  path: Assets/Guddies/Low Poly City Objects Pack/Models/Wooden Pallet B.prefab
  artifactKey: Guid(08f9c16cf106cb444bc2731df7ef6df8) Importer(2089858483,192608db42251d675da83286b1cce702)
Start importing Assets/Guddies/Low Poly City Objects Pack/Models/Wooden Pallet B.prefab using Guid(08f9c16cf106cb444bc2731df7ef6df8) Importer(2089858483,192608db42251d675da83286b1cce702) (ScriptedImporter) -> (artifact id: '4d72e24c84f49eff668de25762fe2a76') in 0.0219244 seconds
Number of updated asset objects reloaded before import = 0Number of asset objects unloaded after import = 8

========================================================================
Received Import Request.
  Time since last request: 0.000017 seconds.
  path: Assets/Guddies/Low Poly City Objects Pack/Models/Cardboard Box B.prefab
  artifactKey: Guid(e0dee43ce027c39419c2a8f68230f54a) Importer(2089858483,192608db42251d675da83286b1cce702)
Start importing Assets/Guddies/Low Poly City Objects Pack/Models/Cardboard Box B.prefab using Guid(e0dee43ce027c39419c2a8f68230f54a) Importer(2089858483,192608db42251d675da83286b1cce702) (ScriptedImporter) -> (artifact id: 'ba882683e4ed9e26d27a2f765f4dd07a') in 0.0217852 seconds
Number of updated asset objects reloaded before import = 0Number of asset objects unloaded after import = 8

========================================================================
Received Import Request.
  Time since last request: 0.000023 seconds.
  path: Assets/Guddies/Low Poly City Objects Pack/Models/Bus Stop.prefab
  artifactKey: Guid(7c3571e658cfdb54ca2bb52cbdc7bcd3) Importer(2089858483,192608db42251d675da83286b1cce702)
Start importing Assets/Guddies/Low Poly City Objects Pack/Models/Bus Stop.prefab using Guid(7c3571e658cfdb54ca2bb52cbdc7bcd3) Importer(2089858483,192608db42251d675da83286b1cce702) (ScriptedImporter) -> (artifact id: '07d4165f1ff06de8751c0341558a5e16') in 0.0223092 seconds
Number of updated asset objects reloaded before import = 0Number of asset objects unloaded after import = 8

========================================================================
Received Import Request.
  Time since last request: 0.000336 seconds.
  path: Assets/Guddies/Low Poly City Objects Pack/Models/Bollard B 2.prefab
  artifactKey: Guid(403fbf2b07aea0c4191dcdb9e5518fb4) Importer(2089858483,192608db42251d675da83286b1cce702)
Start importing Assets/Guddies/Low Poly City Objects Pack/Models/Bollard B 2.prefab using Guid(403fbf2b07aea0c4191dcdb9e5518fb4) Importer(2089858483,192608db42251d675da83286b1cce702) (ScriptedImporter) -> (artifact id: '75a036255f41ad83cba0acec19ccfde1') in 0.0242042 seconds
Number of updated asset objects reloaded before import = 0Number of asset objects unloaded after import = 8

========================================================================
Received Import Request.
  Time since last request: 0.000018 seconds.
  path: Assets/Guddies/Low Poly City Objects Pack/Models/Bin recyling B.prefab
  artifactKey: Guid(8ca5017f76dc0fe44b1efcafb112a23c) Importer(2089858483,192608db42251d675da83286b1cce702)
Start importing Assets/Guddies/Low Poly City Objects Pack/Models/Bin recyling B.prefab using Guid(8ca5017f76dc0fe44b1efcafb112a23c) Importer(2089858483,192608db42251d675da83286b1cce702) (ScriptedImporter) -> (artifact id: '771304517e1f8724e31eddb7fa6f57d7') in 0.0211135 seconds
Number of updated asset objects reloaded before import = 0Number of asset objects unloaded after import = 13

========================================================================
Received Import Request.
  Time since last request: 0.000017 seconds.
  path: Assets/Scripts/Players/PlayerMovementDefi.cs
  artifactKey: Guid(23a61534a16793c4088c112f2ad26d35) Importer(2089858483,192608db42251d675da83286b1cce702)
Start importing Assets/Scripts/Players/PlayerMovementDefi.cs using Guid(23a61534a16793c4088c112f2ad26d35) Importer(2089858483,192608db42251d675da83286b1cce702) (ScriptedImporter) -> (artifact id: '8e851e4b49c5e83136aa08716bb6d74d') in 0.0193538 seconds
Number of updated asset objects reloaded before import = 0Number of asset objects unloaded after import = 0

========================================================================
Received Import Request.
  Time since last request: 0.000065 seconds.
  path: Assets/Assets/2D/Videos/video.renderTexture
  artifactKey: Guid(2291dc90714b7874fafc4b3623f919fd) Importer(2089858483,192608db42251d675da83286b1cce702)
Start importing Assets/Assets/2D/Videos/video.renderTexture using Guid(2291dc90714b7874fafc4b3623f919fd) Importer(2089858483,192608db42251d675da83286b1cce702) (ScriptedImporter) -> (artifact id: '7d67fdd150d95cc72a109aa45f160245') in 0.0318625 seconds
Number of updated asset objects reloaded before import = 0Number of asset objects unloaded after import = 1

========================================================================
Received Import Request.
  Time since last request: 0.000025 seconds.
  path: Assets/Guddies/Low Poly City Objects Pack/CityObjectsPack.fbx
  artifactKey: Guid(51d9390978351e84e872c55aad8e35b2) Importer(2089858483,192608db42251d675da83286b1cce702)
Start importing Assets/Guddies/Low Poly City Objects Pack/CityObjectsPack.fbx using Guid(51d9390978351e84e872c55aad8e35b2) Importer(2089858483,192608db42251d675da83286b1cce702) (ScriptedImporter) -> (artifact id: '6da774951b0fabbd2ff8a301e2b523b2') in 0.1071012 seconds
Number of updated asset objects reloaded before import = 0Number of asset objects unloaded after import = 284

========================================================================
Received Import Request.
  Time since last request: 0.000029 seconds.
  path: Assets/Scripts/Fusion/NetworkManager.cs
  artifactKey: Guid(c229fd250d424cd4aaef94d65badcc7c) Importer(2089858483,192608db42251d675da83286b1cce702)
Start importing Assets/Scripts/Fusion/NetworkManager.cs using Guid(c229fd250d424cd4aaef94d65badcc7c) Importer(2089858483,192608db42251d675da83286b1cce702) (ScriptedImporter) -> (artifact id: 'fd1815f78b7e29977830721da475d6d9') in 0.0194321 seconds
Number of updated asset objects reloaded before import = 0Number of asset objects unloaded after import = 0

========================================================================
Received Import Request.
  Time since last request: 0.000189 seconds.
  path: Assets/ithappy/Cartoon_City_Free/Materials/Roads.mat
  artifactKey: Guid(80328657ac6e6434d956064fabc1e195) Importer(2089858483,192608db42251d675da83286b1cce702)
Start importing Assets/ithappy/Cartoon_City_Free/Materials/Roads.mat using Guid(80328657ac6e6434d956064fabc1e195) Importer(2089858483,192608db42251d675da83286b1cce702) (ScriptedImporter) -> (artifact id: '724e0eb642b8bd1ea6afdad49208ea29') in 0.0520081 seconds
Number of updated asset objects reloaded before import = 0Number of asset objects unloaded after import = 2

========================================================================
Received Import Request.
  Time since last request: 0.000028 seconds.
  path: Assets/Guddies/Low Poly City Objects Pack/Material Setup/Materials
  artifactKey: Guid(bf0bbc4206f7e43408cbffce2e64cf2c) Importer(2089858483,192608db42251d675da83286b1cce702)
Start importing Assets/Guddies/Low Poly City Objects Pack/Material Setup/Materials using Guid(bf0bbc4206f7e43408cbffce2e64cf2c) Importer(2089858483,192608db42251d675da83286b1cce702) (ScriptedImporter) -> (artifact id: '2edd7b07fead78ae31b1db8e2c0a7f16') in 0.0226085 seconds
Number of updated asset objects reloaded before import = 0Number of asset objects unloaded after import = 1

========================================================================
Received Import Request.
  Time since last request: 18.860033 seconds.
  path: Assets/ithappy/Cartoon_City_Free/Prefabs/Buildings/Eco_Building_Terrace.prefab
  artifactKey: Guid(0cd0e09ea28be304eae00f533b94ffd9) Importer(815301076,1909f56bfc062723c751e8b465ee728b)
Start importing Assets/ithappy/Cartoon_City_Free/Prefabs/Buildings/Eco_Building_Terrace.prefab using Guid(0cd0e09ea28be304eae00f533b94ffd9) Importer(815301076,1909f56bfc062723c751e8b465ee728b) (PreviewImporter) -> (artifact id: '1d680578f81f5d4ca70ff6a36958cc9c') in 0.1056813 seconds
Number of updated asset objects reloaded before import = 0Number of asset objects unloaded after import = 18

========================================================================
Received Import Request.
  Time since last request: 11.607042 seconds.
  path: Assets/ithappy/Cartoon_City_Free/Prefabs/Billboards/Billboard_4x1_03.prefab
  artifactKey: Guid(ccfe0baf0137c8f4a92d8f08c09c2a8d) Importer(815301076,1909f56bfc062723c751e8b465ee728b)
Start importing Assets/ithappy/Cartoon_City_Free/Prefabs/Billboards/Billboard_4x1_03.prefab using Guid(ccfe0baf0137c8f4a92d8f08c09c2a8d) Importer(815301076,1909f56bfc062723c751e8b465ee728b) (PreviewImporter) -> (artifact id: '251e1d06a4eb3790dd5716a6ab15b4b2') in 0.0407228 seconds
Number of updated asset objects reloaded before import = 0Number of asset objects unloaded after import = 20

========================================================================
Received Import Request.
  Time since last request: 0.000024 seconds.
  path: Assets/ithappy/Cartoon_City_Free/Prefabs/Billboards/Billboard_4x1_04_Line.prefab
  artifactKey: Guid(d157693b1fa694b4f9faf45dc1fef831) Importer(815301076,1909f56bfc062723c751e8b465ee728b)
Start importing Assets/ithappy/Cartoon_City_Free/Prefabs/Billboards/Billboard_4x1_04_Line.prefab using Guid(d157693b1fa694b4f9faf45dc1fef831) Importer(815301076,1909f56bfc062723c751e8b465ee728b) (PreviewImporter) -> (artifact id: 'a20e75c72edd9ef5b6eff85ca54c39da') in 0.0833339 seconds
Number of updated asset objects reloaded before import = 0Number of asset objects unloaded after import = 18

========================================================================
Received Import Request.
  Time since last request: 26.772678 seconds.
  path: Assets/LowpolyStreetPack/Prefabs/Roads/Streets/Road_Cross_A_A.prefab
  artifactKey: Guid(d68dda66c3bb1bf4aadddbdb7f9d723f) Importer(815301076,1909f56bfc062723c751e8b465ee728b)
Start importing Assets/LowpolyStreetPack/Prefabs/Roads/Streets/Road_Cross_A_A.prefab using Guid(d68dda66c3bb1bf4aadddbdb7f9d723f) Importer(815301076,1909f56bfc062723c751e8b465ee728b) (PreviewImporter) -> (artifact id: '41c677244a2b42a0b2315684205c4f34') in 0.0578252 seconds
Number of updated asset objects reloaded before import = 0Number of asset objects unloaded after import = 10

========================================================================
Received Import Request.
  Time since last request: 0.000026 seconds.
  path: Assets/LowpolyStreetPack/Prefabs/Roads/Streets/Road_Cross_Double_B_B.prefab
  artifactKey: Guid(e544891603a68eb41a8c40ea47764ab5) Importer(815301076,1909f56bfc062723c751e8b465ee728b)
Start importing Assets/LowpolyStreetPack/Prefabs/Roads/Streets/Road_Cross_Double_B_B.prefab using Guid(e544891603a68eb41a8c40ea47764ab5) Importer(815301076,1909f56bfc062723c751e8b465ee728b) (PreviewImporter) -> (artifact id: '14f61f0f46b50a3c7b76e4bd3d43e498') in 0.0657748 seconds
Number of updated asset objects reloaded before import = 0Number of asset objects unloaded after import = 10

========================================================================
Received Import Request.
  Time since last request: 0.000026 seconds.
  path: Assets/LowpolyStreetPack/Prefabs/Roads/Streets/Road_End_A.prefab
  artifactKey: Guid(46aceb8c4fbd8a3478e3bb41629a9afd) Importer(815301076,1909f56bfc062723c751e8b465ee728b)
Start importing Assets/LowpolyStreetPack/Prefabs/Roads/Streets/Road_End_A.prefab using Guid(46aceb8c4fbd8a3478e3bb41629a9afd) Importer(815301076,1909f56bfc062723c751e8b465ee728b) (PreviewImporter) -> (artifact id: '35691762f2f8b63f04a827a739658f08') in 0.0558305 seconds
Number of updated asset objects reloaded before import = 0Number of asset objects unloaded after import = 10

========================================================================
Received Import Request.
  Time since last request: 0.000040 seconds.
  path: Assets/LowpolyStreetPack/Prefabs/Roads/Streets/Road_Crosswalk_Double.prefab
  artifactKey: Guid(86b090b788ee3da4bb8f8d7df751821e) Importer(815301076,1909f56bfc062723c751e8b465ee728b)
Start importing Assets/LowpolyStreetPack/Prefabs/Roads/Streets/Road_Crosswalk_Double.prefab using Guid(86b090b788ee3da4bb8f8d7df751821e) Importer(815301076,1909f56bfc062723c751e8b465ee728b) (PreviewImporter) -> (artifact id: '7e5608a7975886f8f4a36b7a6e15dc34') in 0.051342 seconds
Number of updated asset objects reloaded before import = 0Number of asset objects unloaded after import = 10

========================================================================
Received Import Request.
  Time since last request: 0.000023 seconds.
  path: Assets/LowpolyStreetPack/Prefabs/Roads/Streets/Road_Intersection_D.prefab
  artifactKey: Guid(b296d935b89065c40908341d9004426e) Importer(815301076,1909f56bfc062723c751e8b465ee728b)
Start importing Assets/LowpolyStreetPack/Prefabs/Roads/Streets/Road_Intersection_D.prefab using Guid(b296d935b89065c40908341d9004426e) Importer(815301076,1909f56bfc062723c751e8b465ee728b) (PreviewImporter) -> (artifact id: '216adc7fb62f59071a998aa7b7e664fd') in 0.0648295 seconds
Number of updated asset objects reloaded before import = 0Number of asset objects unloaded after import = 10

========================================================================
Received Import Request.
  Time since last request: 0.000034 seconds.
  path: Assets/LowpolyStreetPack/Prefabs/Roads/Streets/Road_Turn.prefab
  artifactKey: Guid(9a9cb3d950c7e064694a5d362afcc5f7) Importer(815301076,1909f56bfc062723c751e8b465ee728b)
Start importing Assets/LowpolyStreetPack/Prefabs/Roads/Streets/Road_Turn.prefab using Guid(9a9cb3d950c7e064694a5d362afcc5f7) Importer(815301076,1909f56bfc062723c751e8b465ee728b) (PreviewImporter) -> (artifact id: '0f62daed618afc23ecd60eacae3ce51e') in 0.0437181 seconds
Number of updated asset objects reloaded before import = 0Number of asset objects unloaded after import = 10

========================================================================
Received Import Request.
  Time since last request: 0.000025 seconds.
  path: Assets/LowpolyStreetPack/Prefabs/Roads/Streets/Road_Streight_C.prefab
  artifactKey: Guid(c8fd2f6b2033af643b3fbe62dba8316f) Importer(815301076,1909f56bfc062723c751e8b465ee728b)
Start importing Assets/LowpolyStreetPack/Prefabs/Roads/Streets/Road_Streight_C.prefab using Guid(c8fd2f6b2033af643b3fbe62dba8316f) Importer(815301076,1909f56bfc062723c751e8b465ee728b) (PreviewImporter) -> (artifact id: '4029444586b8b0616ca2077de8db9f07') in 0.0422664 seconds
Number of updated asset objects reloaded before import = 0Number of asset objects unloaded after import = 10

========================================================================
Received Import Request.
  Time since last request: 0.000065 seconds.
  path: Assets/LowpolyStreetPack/Prefabs/Roads/Streets/Road_Intersection_B.prefab
  artifactKey: Guid(36d6331372523c942ae5c5978bcd7cbf) Importer(815301076,1909f56bfc062723c751e8b465ee728b)
Start importing Assets/LowpolyStreetPack/Prefabs/Roads/Streets/Road_Intersection_B.prefab using Guid(36d6331372523c942ae5c5978bcd7cbf) Importer(815301076,1909f56bfc062723c751e8b465ee728b) (PreviewImporter) -> (artifact id: 'd958847a0fe36f9ad700656ca117a99e') in 0.0427222 seconds
Number of updated asset objects reloaded before import = 0Number of asset objects unloaded after import = 10

========================================================================
Received Import Request.
  Time since last request: 214.290975 seconds.
  path: Assets/Assets/2D/UI/icone_ultimate_roxo.png
  artifactKey: Guid(a2fc0a446f98b6d4fa7011ffcca6e85f) Importer(815301076,1909f56bfc062723c751e8b465ee728b)
Start importing Assets/Assets/2D/UI/icone_ultimate_roxo.png using Guid(a2fc0a446f98b6d4fa7011ffcca6e85f) Importer(815301076,1909f56bfc062723c751e8b465ee728b) (PreviewImporter) -> (artifact id: '1858dcd3cfb8e2c59eed7ff57906fbaa') in 0.042831 seconds
Number of updated asset objects reloaded before import = 0Number of asset objects unloaded after import = 3

========================================================================
Received Import Request.
  Time since last request: 0.000029 seconds.
  path: Assets/Assets/2D/UI/icone_ultimate_roxofeedback.png
  artifactKey: Guid(77c51db36d8a42d49bb7398cc4204266) Importer(815301076,1909f56bfc062723c751e8b465ee728b)
Start importing Assets/Assets/2D/UI/icone_ultimate_roxofeedback.png using Guid(77c51db36d8a42d49bb7398cc4204266) Importer(815301076,1909f56bfc062723c751e8b465ee728b) (PreviewImporter) -> (artifact id: '1987c53fcf136cf5c148f70c2d896e07') in 0.0299119 seconds
Number of updated asset objects reloaded before import = 0Number of asset objects unloaded after import = 3

========================================================================
Received Import Request.
  Time since last request: 0.000028 seconds.
  path: Assets/Assets/2D/UI/icone_ultimate_verde.png
  artifactKey: Guid(b88eb444de061e049b51faa070be75b4) Importer(815301076,1909f56bfc062723c751e8b465ee728b)
Start importing Assets/Assets/2D/UI/icone_ultimate_verde.png using Guid(b88eb444de061e049b51faa070be75b4) Importer(815301076,1909f56bfc062723c751e8b465ee728b) (PreviewImporter) -> (artifact id: '5585bfdcce097942220585ea9c7b6139') in 0.0395425 seconds
Number of updated asset objects reloaded before import = 0Number of asset objects unloaded after import = 3

Editor requested this worker to shutdown with reason: Scaling down because of idle timeout
AssetImportWorker is now disconnected from the server
Process exiting
Exiting without the bug reporter. Application will terminate with return code 0